<?xml version="1.0" encoding="UTF-8"?>
<!-- Generated by org.testng.reporters.JUnitReportReporter -->
<testsuite hostname="Raashids-MacBook-Air.local" failures="0" tests="1" name="tests.PostAPITest" time="1.254" errors="0" timestamp="1 Oct 2023 10:26:46 GMT">
  <testcase classname="tests.PostAPITest" name="postAPITest" time="1.254"/>
</testsuite> <!-- tests.PostAPITest -->
