<?xml version="1.0" encoding="UTF-8"?>
<!-- Generated by org.testng.reporters.JUnitReportReporter -->
<testsuite hostname="Raashids-MacBook-Air.local" failures="0" tests="2" name="tests.GetAPITest" time="1.113" errors="0" timestamp="1 Oct 2023 09:14:15 GMT">
  <testcase classname="tests.GetAPITest" name="getAPITestWithoutHeaders" time="0.760"/>
  <testcase classname="tests.GetAPITest" name="getAPITestWithHeaders" time="0.353"/>
</testsuite> <!-- tests.GetAPITest -->
